<?xml version="1.0" encoding="UTF-8"?>
<testng-results ignored="0" total="1" passed="1" failed="0" skipped="0">
  <reporter-output>
  </reporter-output>
  <suite started-at="2021-04-07T17:04:32Z" name="Surefire suite" finished-at="2021-04-07T17:04:32Z" duration-ms="11">
    <groups>
    </groups>
    <test started-at="2021-04-07T17:04:32Z" name="Surefire test" finished-at="2021-04-07T17:04:32Z" duration-ms="11">
      <class name="Project1.AppTest">
        <test-method signature="testApp()[pri:0, instance:testApp(Project1.AppTest)]" started-at="2021-04-07T17:04:32Z" name="testApp" finished-at="2021-04-07T17:04:32Z" duration-ms="1" status="PASS">
          <reporter-output>
          </reporter-output>
        </test-method> <!-- testApp -->
      </class> <!-- Project1.AppTest -->
    </test> <!-- Surefire test -->
  </suite> <!-- Surefire suite -->
</testng-results>
