<?xml version="1.0" encoding="UTF-8"?>
<testng-results ignored="0" total="2" passed="2" failed="0" skipped="0">
  <reporter-output>
  </reporter-output>
  <suite started-at="2021-04-07T17:04:32Z" name="Surefire suite" finished-at="2021-04-07T17:04:32Z" duration-ms="78">
    <groups>
    </groups>
    <test started-at="2021-04-07T17:04:32Z" name="Surefire test" finished-at="2021-04-07T17:04:32Z" duration-ms="78">
      <class name="Project1.Test1">
        <test-method signature="disp1()[pri:0, instance:Project1.Test1@376b4233]" started-at="2021-04-07T17:04:32Z" name="disp1" finished-at="2021-04-07T17:04:32Z" duration-ms="15" status="PASS">
          <reporter-output>
          </reporter-output>
        </test-method> <!-- disp1 -->
      </class> <!-- Project1.Test1 -->
      <class name="Project1.Test2">
        <test-method signature="disp2()[pri:0, instance:Project1.Test2@2fd66ad3]" started-at="2021-04-07T17:04:32Z" name="disp2" finished-at="2021-04-07T17:04:32Z" duration-ms="10" status="PASS">
          <reporter-output>
          </reporter-output>
        </test-method> <!-- disp2 -->
      </class> <!-- Project1.Test2 -->
    </test> <!-- Surefire test -->
  </suite> <!-- Surefire suite -->
</testng-results>
